<?xml version="1.0" encoding="UTF-8"?>
<coverage generated="1640201651095" clover="3.2.0">
  <project timestamp="1640201651095" name="All files">
    <metrics statements="88" coveredstatements="88" conditionals="37" coveredconditionals="36" methods="25" coveredmethods="25" elements="150" coveredelements="149" complexity="0" loc="88" ncloc="88" packages="3" files="3" classes="3"/>
    <package name="src">
      <metrics statements="5" coveredstatements="5" conditionals="0" coveredconditionals="0" methods="0" coveredmethods="0"/>
      <file name="index.ts" path="/home/lucasfonsecab/Documents/dev/Projects/FCK-NodeJsLibraries/schema-validator/src/index.ts">
        <metrics statements="5" coveredstatements="5" conditionals="0" coveredconditionals="0" methods="0" coveredmethods="0"/>
        <line num="1" count="2" type="stmt"/>
        <line num="2" count="2" type="stmt"/>
        <line num="3" count="2" type="stmt"/>
        <line num="4" count="2" type="stmt"/>
        <line num="6" count="2" type="stmt"/>
      </file>
    </package>
    <package name="src.schema-builder">
      <metrics statements="28" coveredstatements="28" conditionals="0" coveredconditionals="0" methods="16" coveredmethods="16"/>
      <file name="SchemaBuilder.ts" path="/home/lucasfonsecab/Documents/dev/Projects/FCK-NodeJsLibraries/schema-validator/src/schema-builder/SchemaBuilder.ts">
        <metrics statements="28" coveredstatements="28" conditionals="0" coveredconditionals="0" methods="16" coveredmethods="16"/>
        <line num="2" count="2" type="stmt"/>
        <line num="4" count="2" type="stmt"/>
        <line num="7" count="7" type="stmt"/>
        <line num="8" count="7" type="stmt"/>
        <line num="12" count="33" type="stmt"/>
        <line num="13" count="2" type="stmt"/>
        <line num="14" count="2" type="stmt"/>
        <line num="17" count="33" type="stmt"/>
        <line num="18" count="2" type="stmt"/>
        <line num="19" count="2" type="stmt"/>
        <line num="22" count="33" type="stmt"/>
        <line num="25" count="33" type="stmt"/>
        <line num="30" count="29" type="stmt"/>
        <line num="31" count="29" type="stmt"/>
        <line num="32" count="29" type="stmt"/>
        <line num="35" count="7" type="stmt"/>
        <line num="36" count="7" type="stmt"/>
        <line num="37" count="7" type="stmt"/>
        <line num="38" count="7" type="stmt"/>
        <line num="39" count="7" type="stmt"/>
        <line num="40" count="7" type="stmt"/>
        <line num="41" count="7" type="stmt"/>
        <line num="42" count="7" type="stmt"/>
        <line num="43" count="7" type="stmt"/>
        <line num="46" count="7" type="stmt"/>
        <line num="54" count="7" type="stmt"/>
        <line num="55" count="7" type="stmt"/>
        <line num="56" count="7" type="stmt"/>
      </file>
    </package>
    <package name="src.schema-validator">
      <metrics statements="55" coveredstatements="55" conditionals="37" coveredconditionals="36" methods="9" coveredmethods="9"/>
      <file name="SchemaValidator.ts" path="/home/lucasfonsecab/Documents/dev/Projects/FCK-NodeJsLibraries/schema-validator/src/schema-validator/SchemaValidator.ts">
        <metrics statements="55" coveredstatements="55" conditionals="37" coveredconditionals="36" methods="9" coveredmethods="9"/>
        <line num="2" count="2" type="stmt"/>
        <line num="4" count="2" type="stmt"/>
        <line num="10" count="16" type="stmt"/>
        <line num="11" count="16" type="stmt"/>
        <line num="13" count="16" type="stmt"/>
        <line num="15" count="114" type="stmt"/>
        <line num="16" count="114" type="stmt"/>
        <line num="18" count="114" type="cond" truecount="1" falsecount="0"/>
        <line num="19" count="42" type="cond" truecount="0" falsecount="1"/>
        <line num="21" count="42" type="cond" truecount="2" falsecount="0"/>
        <line num="24" count="72" type="stmt"/>
        <line num="25" count="72" type="cond" truecount="3" falsecount="0"/>
        <line num="29" count="16" type="cond" truecount="2" falsecount="0"/>
        <line num="34" count="74" type="cond" truecount="1" falsecount="0"/>
        <line num="36" count="16" type="stmt"/>
        <line num="38" count="16" type="stmt"/>
        <line num="40" count="114" type="stmt"/>
        <line num="41" count="114" type="cond" truecount="4" falsecount="0"/>
        <line num="43" count="72" type="stmt"/>
        <line num="44" count="72" type="stmt"/>
        <line num="46" count="72" type="cond" truecount="4" falsecount="0"/>
        <line num="48" count="9" type="stmt"/>
        <line num="49" count="9" type="stmt"/>
        <line num="51" count="9" type="cond" truecount="1" falsecount="0"/>
        <line num="52" count="8" type="stmt"/>
        <line num="54" count="9" type="stmt"/>
        <line num="56" count="9" type="cond" truecount="1" falsecount="0"/>
        <line num="57" count="8" type="stmt"/>
        <line num="59" count="9" type="stmt"/>
        <line num="61" count="9" type="stmt"/>
        <line num="62" count="9" type="stmt"/>
        <line num="64" count="1" type="stmt"/>
        <line num="66" count="9" type="stmt"/>
        <line num="69" count="72" type="stmt"/>
        <line num="76" count="72" type="cond" truecount="7" falsecount="0"/>
        <line num="79" count="8" type="stmt"/>
        <line num="80" count="8" type="cond" truecount="1" falsecount="0"/>
        <line num="81" count="7" type="stmt"/>
        <line num="84" count="8" type="stmt"/>
        <line num="85" count="7" type="stmt"/>
        <line num="88" count="9" type="stmt"/>
        <line num="89" count="9" type="cond" truecount="1" falsecount="0"/>
        <line num="90" count="8" type="stmt"/>
        <line num="93" count="9" type="cond" truecount="1" falsecount="0"/>
        <line num="94" count="8" type="stmt"/>
        <line num="96" count="2" type="stmt"/>
        <line num="97" count="2" type="cond" truecount="1" falsecount="0"/>
        <line num="98" count="1" type="stmt"/>
        <line num="100" count="8" type="cond" truecount="1" falsecount="0"/>
        <line num="102" count="28" type="cond" truecount="1" falsecount="0"/>
        <line num="105" count="63" type="stmt"/>
        <line num="112" count="2" type="stmt"/>
        <line num="113" count="49" type="cond" truecount="2" falsecount="0"/>
        <line num="116" count="2" type="stmt"/>
        <line num="117" count="18" type="cond" truecount="2" falsecount="0"/>
      </file>
    </package>
  </project>
</coverage>
