{"/home/lucasfonsecab/Documents/dev/Projects/FCK-NodeJsLibraries/schema-validator/src/index.ts": {"path":"/home/lucasfonsecab/Documents/dev/Projects/FCK-NodeJsLibraries/schema-validator/src/index.ts","statementMap":{"0":{"start":{"line":1,"column":0},"end":{"line":1,"column":58}},"1":{"start":{"line":2,"column":0},"end":{"line":2,"column":52}},"2":{"start":{"line":3,"column":0},"end":{"line":3,"column":50}},"3":{"start":{"line":4,"column":0},"end":{"line":4,"column":47}},"4":{"start":{"line":6,"column":0},"end":{"line":6,"column":null}}},"fnMap":{},"branchMap":{},"s":{"0":2,"1":2,"2":2,"3":2,"4":2},"f":{},"b":{}}
,"/home/lucasfonsecab/Documents/dev/Projects/FCK-NodeJsLibraries/schema-validator/src/schema-builder/SchemaBuilder.ts": {"path":"/home/lucasfonsecab/Documents/dev/Projects/FCK-NodeJsLibraries/schema-validator/src/schema-builder/SchemaBuilder.ts","statementMap":{"0":{"start":{"line":2,"column":0},"end":{"line":2,"column":32}},"1":{"start":{"line":7,"column":12},"end":{"line":7,"column":54}},"2":{"start":{"line":8,"column":12},"end":{"line":8,"column":34}},"3":{"start":{"line":35,"column":4},"end":{"line":35,"column":null}},"4":{"start":{"line":35,"column":63},"end":{"line":35,"column":95}},"5":{"start":{"line":36,"column":4},"end":{"line":36,"column":null}},"6":{"start":{"line":36,"column":64},"end":{"line":36,"column":97}},"7":{"start":{"line":37,"column":4},"end":{"line":37,"column":null}},"8":{"start":{"line":37,"column":61},"end":{"line":37,"column":91}},"9":{"start":{"line":38,"column":4},"end":{"line":38,"column":null}},"10":{"start":{"line":38,"column":61},"end":{"line":38,"column":91}},"11":{"start":{"line":39,"column":4},"end":{"line":39,"column":null}},"12":{"start":{"line":39,"column":62},"end":{"line":39,"column":93}},"13":{"start":{"line":40,"column":4},"end":{"line":40,"column":null}},"14":{"start":{"line":40,"column":61},"end":{"line":40,"column":91}},"15":{"start":{"line":41,"column":4},"end":{"line":41,"column":null}},"16":{"start":{"line":41,"column":60},"end":{"line":41,"column":89}},"17":{"start":{"line":42,"column":4},"end":{"line":42,"column":null}},"18":{"start":{"line":42,"column":61},"end":{"line":42,"column":91}},"19":{"start":{"line":43,"column":4},"end":{"line":43,"column":null}},"20":{"start":{"line":43,"column":61},"end":{"line":43,"column":93}},"21":{"start":{"line":12,"column":25},"end":{"line":15,"column":9}},"22":{"start":{"line":13,"column":12},"end":{"line":13,"column":63}},"23":{"start":{"line":14,"column":12},"end":{"line":14,"column":38}},"24":{"start":{"line":17,"column":28},"end":{"line":20,"column":9}},"25":{"start":{"line":18,"column":12},"end":{"line":18,"column":null}},"26":{"start":{"line":19,"column":12},"end":{"line":19,"column":38}},"27":{"start":{"line":22,"column":57},"end":{"line":22,"column":82}},"28":{"start":{"line":25,"column":8},"end":{"line":25,"column":23}},"29":{"start":{"line":30,"column":8},"end":{"line":30,"column":null}},"30":{"start":{"line":31,"column":8},"end":{"line":31,"column":null}},"31":{"start":{"line":32,"column":8},"end":{"line":32,"column":null}},"32":{"start":{"line":46,"column":8},"end":{"line":50,"column":null}},"33":{"start":{"line":54,"column":25},"end":{"line":54,"column":47}},"34":{"start":{"line":55,"column":8},"end":{"line":55,"column":null}},"35":{"start":{"line":56,"column":8},"end":{"line":56,"column":null}},"36":{"start":{"line":4,"column":0},"end":{"line":4,"column":21}}},"fnMap":{"0":{"name":"(anonymous_4)","decl":{"start":{"line":4,"column":0},"end":{"line":4,"column":21}},"loc":{"start":{"line":4,"column":0},"end":{"line":58,"column":1}}},"1":{"name":"(anonymous_5)","decl":{"start":{"line":35,"column":13},"end":{"line":35,"column":14}},"loc":{"start":{"line":35,"column":63},"end":{"line":35,"column":95}}},"2":{"name":"(anonymous_6)","decl":{"start":{"line":36,"column":14},"end":{"line":36,"column":15}},"loc":{"start":{"line":36,"column":64},"end":{"line":36,"column":97}}},"3":{"name":"(anonymous_7)","decl":{"start":{"line":37,"column":11},"end":{"line":37,"column":12}},"loc":{"start":{"line":37,"column":61},"end":{"line":37,"column":91}}},"4":{"name":"(anonymous_8)","decl":{"start":{"line":38,"column":11},"end":{"line":38,"column":12}},"loc":{"start":{"line":38,"column":61},"end":{"line":38,"column":91}}},"5":{"name":"(anonymous_9)","decl":{"start":{"line":39,"column":12},"end":{"line":39,"column":13}},"loc":{"start":{"line":39,"column":62},"end":{"line":39,"column":93}}},"6":{"name":"(anonymous_10)","decl":{"start":{"line":40,"column":11},"end":{"line":40,"column":12}},"loc":{"start":{"line":40,"column":61},"end":{"line":40,"column":91}}},"7":{"name":"(anonymous_11)","decl":{"start":{"line":41,"column":10},"end":{"line":41,"column":11}},"loc":{"start":{"line":41,"column":60},"end":{"line":41,"column":89}}},"8":{"name":"(anonymous_12)","decl":{"start":{"line":42,"column":11},"end":{"line":42,"column":12}},"loc":{"start":{"line":42,"column":61},"end":{"line":42,"column":91}}},"9":{"name":"(anonymous_13)","decl":{"start":{"line":43,"column":12},"end":{"line":43,"column":13}},"loc":{"start":{"line":43,"column":61},"end":{"line":43,"column":93}}},"10":{"name":"(anonymous_14)","decl":{"start":{"line":10,"column":4},"end":{"line":10,"column":12}},"loc":{"start":{"line":10,"column":24},"end":{"line":27,"column":5}}},"11":{"name":"(anonymous_15)","decl":{"start":{"line":12,"column":25},"end":{"line":12,"column":61}},"loc":{"start":{"line":12,"column":63},"end":{"line":15,"column":9}}},"12":{"name":"(anonymous_16)","decl":{"start":{"line":17,"column":28},"end":{"line":17,"column":29}},"loc":{"start":{"line":17,"column":79},"end":{"line":20,"column":9}}},"13":{"name":"(anonymous_17)","decl":{"start":{"line":29,"column":4},"end":{"line":29,"column":16}},"loc":{"start":{"line":29,"column":41},"end":{"line":33,"column":5}}},"14":{"name":"(anonymous_18)","decl":{"start":{"line":45,"column":11},"end":{"line":45,"column":20}},"loc":{"start":{"line":45,"column":20},"end":{"line":51,"column":5}}},"15":{"name":"(anonymous_19)","decl":{"start":{"line":53,"column":4},"end":{"line":53,"column":10}},"loc":{"start":{"line":53,"column":64},"end":{"line":57,"column":5}}}},"branchMap":{},"s":{"0":2,"1":7,"2":7,"3":7,"4":3,"5":7,"6":3,"7":7,"8":3,"9":7,"10":1,"11":7,"12":3,"13":7,"14":3,"15":7,"16":3,"17":7,"18":3,"19":7,"20":7,"21":33,"22":2,"23":2,"24":33,"25":2,"26":2,"27":33,"28":33,"29":29,"30":29,"31":29,"32":7,"33":7,"34":7,"35":7,"36":2},"f":{"0":7,"1":3,"2":3,"3":3,"4":1,"5":3,"6":3,"7":3,"8":3,"9":7,"10":33,"11":2,"12":2,"13":29,"14":7,"15":7},"b":{}}
,"/home/lucasfonsecab/Documents/dev/Projects/FCK-NodeJsLibraries/schema-validator/src/schema-validator/SchemaValidator.ts": {"path":"/home/lucasfonsecab/Documents/dev/Projects/FCK-NodeJsLibraries/schema-validator/src/schema-validator/SchemaValidator.ts","statementMap":{"0":{"start":{"line":2,"column":0},"end":{"line":2,"column":34}},"1":{"start":{"line":10,"column":8},"end":{"line":10,"column":null}},"2":{"start":{"line":11,"column":45},"end":{"line":11,"column":47}},"3":{"start":{"line":13,"column":8},"end":{"line":27,"column":null}},"4":{"start":{"line":15,"column":42},"end":{"line":15,"column":66}},"5":{"start":{"line":16,"column":26},"end":{"line":16,"column":37}},"6":{"start":{"line":18,"column":12},"end":{"line":22,"column":null}},"7":{"start":{"line":19,"column":16},"end":{"line":19,"column":61}},"8":{"start":{"line":19,"column":54},"end":{"line":19,"column":61}},"9":{"start":{"line":21,"column":16},"end":{"line":21,"column":null}},"10":{"start":{"line":24,"column":30},"end":{"line":24,"column":65}},"11":{"start":{"line":25,"column":12},"end":{"line":25,"column":null}},"12":{"start":{"line":25,"column":38},"end":{"line":25,"column":null}},"13":{"start":{"line":29,"column":8},"end":{"line":29,"column":62}},"14":{"start":{"line":34,"column":8},"end":{"line":34,"column":null}},"15":{"start":{"line":34,"column":42},"end":{"line":34,"column":94}},"16":{"start":{"line":34,"column":73},"end":{"line":34,"column":93}},"17":{"start":{"line":36,"column":26},"end":{"line":36,"column":37}},"18":{"start":{"line":38,"column":8},"end":{"line":71,"column":null}},"19":{"start":{"line":40,"column":20},"end":{"line":40,"column":38}},"20":{"start":{"line":41,"column":8},"end":{"line":41,"column":null}},"21":{"start":{"line":41,"column":66},"end":{"line":41,"column":null}},"22":{"start":{"line":43,"column":25},"end":{"line":43,"column":49}},"23":{"start":{"line":44,"column":31},"end":{"line":44,"column":36}},"24":{"start":{"line":46,"column":8},"end":{"line":67,"column":null}},"25":{"start":{"line":48,"column":16},"end":{"line":48,"column":63}},"26":{"start":{"line":49,"column":16},"end":{"line":49,"column":22}},"27":{"start":{"line":51,"column":16},"end":{"line":53,"column":18}},"28":{"start":{"line":52,"column":20},"end":{"line":52,"column":48}},"29":{"start":{"line":54,"column":16},"end":{"line":54,"column":22}},"30":{"start":{"line":56,"column":16},"end":{"line":58,"column":18}},"31":{"start":{"line":57,"column":20},"end":{"line":57,"column":50}},"32":{"start":{"line":59,"column":16},"end":{"line":59,"column":22}},"33":{"start":{"line":61,"column":16},"end":{"line":65,"column":18}},"34":{"start":{"line":62,"column":20},"end":{"line":62,"column":52}},"35":{"start":{"line":64,"column":20},"end":{"line":64,"column":40}},"36":{"start":{"line":66,"column":16},"end":{"line":66,"column":22}},"37":{"start":{"line":69,"column":8},"end":{"line":69,"column":41}},"38":{"start":{"line":76,"column":8},"end":{"line":104,"column":null}},"39":{"start":{"line":79,"column":29},"end":{"line":79,"column":118}},"40":{"start":{"line":80,"column":12},"end":{"line":80,"column":null}},"41":{"start":{"line":80,"column":38},"end":{"line":80,"column":null}},"42":{"start":{"line":81,"column":10},"end":{"line":81,"column":16}},"43":{"start":{"line":84,"column":12},"end":{"line":84,"column":null}},"44":{"start":{"line":84,"column":18},"end":{"line":84,"column":36}},"45":{"start":{"line":84,"column":51},"end":{"line":84,"column":65}},"46":{"start":{"line":85,"column":10},"end":{"line":85,"column":16}},"47":{"start":{"line":88,"column":26},"end":{"line":88,"column":37}},"48":{"start":{"line":89,"column":12},"end":{"line":89,"column":null}},"49":{"start":{"line":89,"column":35},"end":{"line":89,"column":null}},"50":{"start":{"line":90,"column":10},"end":{"line":90,"column":16}},"51":{"start":{"line":93,"column":12},"end":{"line":93,"column":null}},"52":{"start":{"line":93,"column":43},"end":{"line":93,"column":null}},"53":{"start":{"line":94,"column":9},"end":{"line":94,"column":15}},"54":{"start":{"line":96,"column":34},"end":{"line":96,"column":85}},"55":{"start":{"line":97,"column":12},"end":{"line":97,"column":48}},"56":{"start":{"line":97,"column":35},"end":{"line":97,"column":48}},"57":{"start":{"line":98,"column":8},"end":{"line":98,"column":14}},"58":{"start":{"line":100,"column":22},"end":{"line":100,"column":72}},"59":{"start":{"line":100,"column":59},"end":{"line":100,"column":72}},"60":{"start":{"line":100,"column":73},"end":{"line":100,"column":79}},"61":{"start":{"line":102,"column":17},"end":{"line":102,"column":56}},"62":{"start":{"line":102,"column":43},"end":{"line":102,"column":56}},"63":{"start":{"line":102,"column":57},"end":{"line":102,"column":63}},"64":{"start":{"line":105,"column":8},"end":{"line":105,"column":null}},"65":{"start":{"line":4,"column":0},"end":{"line":4,"column":21}},"66":{"start":{"line":112,"column":34},"end":{"line":114,"column":1}},"67":{"start":{"line":113,"column":2},"end":{"line":113,"column":null}},"68":{"start":{"line":112,"column":13},"end":{"line":112,"column":34}},"69":{"start":{"line":116,"column":34},"end":{"line":118,"column":1}},"70":{"start":{"line":117,"column":2},"end":{"line":117,"column":null}},"71":{"start":{"line":116,"column":13},"end":{"line":116,"column":34}}},"fnMap":{"0":{"name":"(anonymous_4)","decl":{"start":{"line":6,"column":2},"end":{"line":6,"column":16}},"loc":{"start":{"line":6,"column":2},"end":{"line":6,"column":17}}},"1":{"name":"(anonymous_5)","decl":{"start":{"line":8,"column":11},"end":{"line":8,"column":16}},"loc":{"start":{"line":8,"column":87},"end":{"line":30,"column":5}}},"2":{"name":"(anonymous_6)","decl":{"start":{"line":13,"column":62},"end":{"line":13,"column":67}},"loc":{"start":{"line":13,"column":76},"end":{"line":27,"column":9}}},"3":{"name":"(anonymous_7)","decl":{"start":{"line":32,"column":11},"end":{"line":32,"column":19}},"loc":{"start":{"line":32,"column":77},"end":{"line":72,"column":5}}},"4":{"name":"(anonymous_8)","decl":{"start":{"line":34,"column":31},"end":{"line":34,"column":36}},"loc":{"start":{"line":34,"column":39},"end":{"line":34,"column":95}}},"5":{"name":"(anonymous_9)","decl":{"start":{"line":38,"column":48},"end":{"line":38,"column":53}},"loc":{"start":{"line":38,"column":56},"end":{"line":71,"column":9}}},"6":{"name":"(anonymous_10)","decl":{"start":{"line":74,"column":11},"end":{"line":74,"column":16}},"loc":{"start":{"line":74,"column":50},"end":{"line":106,"column":5}}},"7":{"name":"(anonymous_11)","decl":{"start":{"line":112,"column":34},"end":{"line":112,"column":35}},"loc":{"start":{"line":112,"column":77},"end":{"line":114,"column":1}}},"8":{"name":"(anonymous_12)","decl":{"start":{"line":116,"column":34},"end":{"line":116,"column":35}},"loc":{"start":{"line":116,"column":76},"end":{"line":118,"column":1}}}},"branchMap":{"0":{"loc":{"start":{"line":18,"column":12},"end":{"line":22,"column":null}},"type":"if","locations":[{"start":{"line":18,"column":12},"end":{"line":22,"column":null}}]},"1":{"loc":{"start":{"line":19,"column":16},"end":{"line":19,"column":61}},"type":"if","locations":[{"start":{"line":19,"column":16},"end":{"line":19,"column":61}}]},"2":{"loc":{"start":{"line":21,"column":57},"end":{"line":21,"column":76}},"type":"binary-expr","locations":[{"start":{"line":21,"column":57},"end":{"line":21,"column":68}},{"start":{"line":21,"column":71},"end":{"line":21,"column":76}}]},"3":{"loc":{"start":{"line":25,"column":12},"end":{"line":25,"column":null}},"type":"if","locations":[{"start":{"line":25,"column":12},"end":{"line":25,"column":null}}]},"4":{"loc":{"start":{"line":25,"column":80},"end":{"line":25,"column":100}},"type":"binary-expr","locations":[{"start":{"line":25,"column":80},"end":{"line":25,"column":91}},{"start":{"line":25,"column":95},"end":{"line":25,"column":100}}]},"5":{"loc":{"start":{"line":29,"column":15},"end":{"line":29,"column":61}},"type":"cond-expr","locations":[{"start":{"line":29,"column":48},"end":{"line":29,"column":54}},{"start":{"line":29,"column":57},"end":{"line":29,"column":61}}]},"6":{"loc":{"start":{"line":34,"column":42},"end":{"line":34,"column":94}},"type":"if","locations":[{"start":{"line":34,"column":42},"end":{"line":34,"column":94}}]},"7":{"loc":{"start":{"line":41,"column":8},"end":{"line":41,"column":null}},"type":"if","locations":[{"start":{"line":41,"column":8},"end":{"line":41,"column":null}}]},"8":{"loc":{"start":{"line":41,"column":11},"end":{"line":41,"column":63}},"type":"binary-expr","locations":[{"start":{"line":41,"column":11},"end":{"line":41,"column":30}},{"start":{"line":41,"column":34},"end":{"line":41,"column":46}},{"start":{"line":41,"column":50},"end":{"line":41,"column":63}}]},"9":{"loc":{"start":{"line":46,"column":8},"end":{"line":67,"column":null}},"type":"switch","locations":[{"start":{"line":47,"column":12},"end":{"line":49,"column":22}},{"start":{"line":50,"column":12},"end":{"line":54,"column":22}},{"start":{"line":55,"column":12},"end":{"line":59,"column":22}},{"start":{"line":60,"column":12},"end":{"line":66,"column":22}}]},"10":{"loc":{"start":{"line":51,"column":16},"end":{"line":53,"column":18}},"type":"if","locations":[{"start":{"line":51,"column":16},"end":{"line":53,"column":18}}]},"11":{"loc":{"start":{"line":56,"column":16},"end":{"line":58,"column":18}},"type":"if","locations":[{"start":{"line":56,"column":16},"end":{"line":58,"column":18}}]},"12":{"loc":{"start":{"line":76,"column":8},"end":{"line":104,"column":null}},"type":"switch","locations":[{"start":{"line":78,"column":8},"end":{"line":81,"column":16}},{"start":{"line":83,"column":8},"end":{"line":85,"column":16}},{"start":{"line":87,"column":8},"end":{"line":90,"column":16}},{"start":{"line":92,"column":8},"end":{"line":94,"column":15}},{"start":{"line":96,"column":8},"end":{"line":98,"column":14}},{"start":{"line":100,"column":8},"end":{"line":100,"column":79}},{"start":{"line":102,"column":8},"end":{"line":102,"column":63}}]},"13":{"loc":{"start":{"line":80,"column":12},"end":{"line":80,"column":null}},"type":"if","locations":[{"start":{"line":80,"column":12},"end":{"line":80,"column":null}}]},"14":{"loc":{"start":{"line":89,"column":12},"end":{"line":89,"column":null}},"type":"if","locations":[{"start":{"line":89,"column":12},"end":{"line":89,"column":null}}]},"15":{"loc":{"start":{"line":93,"column":12},"end":{"line":93,"column":null}},"type":"if","locations":[{"start":{"line":93,"column":12},"end":{"line":93,"column":null}}]},"16":{"loc":{"start":{"line":97,"column":12},"end":{"line":97,"column":48}},"type":"if","locations":[{"start":{"line":97,"column":12},"end":{"line":97,"column":48}}]},"17":{"loc":{"start":{"line":100,"column":22},"end":{"line":100,"column":72}},"type":"if","locations":[{"start":{"line":100,"column":22},"end":{"line":100,"column":72}}]},"18":{"loc":{"start":{"line":102,"column":17},"end":{"line":102,"column":56}},"type":"if","locations":[{"start":{"line":102,"column":17},"end":{"line":102,"column":56}}]},"19":{"loc":{"start":{"line":113,"column":9},"end":{"line":113,"column":59}},"type":"binary-expr","locations":[{"start":{"line":113,"column":9},"end":{"line":113,"column":23}},{"start":{"line":113,"column":27},"end":{"line":113,"column":59}}]},"20":{"loc":{"start":{"line":117,"column":9},"end":{"line":117,"column":68}},"type":"binary-expr","locations":[{"start":{"line":117,"column":9},"end":{"line":117,"column":23}},{"start":{"line":117,"column":27},"end":{"line":117,"column":68}}]}},"s":{"0":2,"1":16,"2":16,"3":16,"4":114,"5":114,"6":114,"7":42,"8":0,"9":42,"10":72,"11":72,"12":9,"13":16,"14":16,"15":74,"16":2,"17":16,"18":16,"19":114,"20":114,"21":42,"22":72,"23":72,"24":72,"25":9,"26":9,"27":9,"28":8,"29":9,"30":9,"31":8,"32":9,"33":9,"34":9,"35":1,"36":9,"37":72,"38":72,"39":8,"40":8,"41":1,"42":7,"43":8,"44":8,"45":1,"46":7,"47":9,"48":9,"49":1,"50":8,"51":9,"52":1,"53":8,"54":2,"55":2,"56":1,"57":1,"58":8,"59":1,"60":7,"61":28,"62":3,"63":25,"64":63,"65":2,"66":2,"67":49,"68":2,"69":2,"70":18,"71":2},"f":{"0":2,"1":16,"2":114,"3":16,"4":74,"5":114,"6":72,"7":49,"8":18},"b":{"0":[42],"1":[0],"2":[42,42],"3":[9],"4":[9,9],"5":[15,1],"6":[2],"7":[42],"8":[114,72,72],"9":[9,9,9,9],"10":[8],"11":[8],"12":[8,8,9,9,2,8,28],"13":[1],"14":[1],"15":[1],"16":[1],"17":[1],"18":[3],"19":[49,49],"20":[18,18]}}
}
