TN:
SF:src/index.ts
FNF:0
FNH:0
DA:1,2
DA:2,2
DA:3,2
DA:4,2
DA:6,2
LF:5
LH:5
BRF:0
BRH:0
end_of_record
TN:
SF:src/schema-builder/SchemaBuilder.ts
FN:4,(anonymous_4)
FN:35,(anonymous_5)
FN:36,(anonymous_6)
FN:37,(anonymous_7)
FN:38,(anonymous_8)
FN:39,(anonymous_9)
FN:40,(anonymous_10)
FN:41,(anonymous_11)
FN:42,(anonymous_12)
FN:43,(anonymous_13)
FN:10,(anonymous_14)
FN:12,(anonymous_15)
FN:17,(anonymous_16)
FN:29,(anonymous_17)
FN:45,(anonymous_18)
FN:53,(anonymous_19)
FNF:16
FNH:16
FNDA:7,(anonymous_4)
FNDA:3,(anonymous_5)
FNDA:3,(anonymous_6)
FNDA:3,(anonymous_7)
FNDA:1,(anonymous_8)
FNDA:3,(anonymous_9)
FNDA:3,(anonymous_10)
FNDA:3,(anonymous_11)
FNDA:3,(anonymous_12)
FNDA:7,(anonymous_13)
FNDA:33,(anonymous_14)
FNDA:2,(anonymous_15)
FNDA:2,(anonymous_16)
FNDA:29,(anonymous_17)
FNDA:7,(anonymous_18)
FNDA:7,(anonymous_19)
DA:2,2
DA:4,2
DA:7,7
DA:8,7
DA:12,33
DA:13,2
DA:14,2
DA:17,33
DA:18,2
DA:19,2
DA:22,33
DA:25,33
DA:30,29
DA:31,29
DA:32,29
DA:35,7
DA:36,7
DA:37,7
DA:38,7
DA:39,7
DA:40,7
DA:41,7
DA:42,7
DA:43,7
DA:46,7
DA:54,7
DA:55,7
DA:56,7
LF:28
LH:28
BRF:0
BRH:0
end_of_record
TN:
SF:src/schema-validator/SchemaValidator.ts
FN:6,(anonymous_4)
FN:8,(anonymous_5)
FN:13,(anonymous_6)
FN:32,(anonymous_7)
FN:34,(anonymous_8)
FN:38,(anonymous_9)
FN:74,(anonymous_10)
FN:112,(anonymous_11)
FN:116,(anonymous_12)
FNF:9
FNH:9
FNDA:2,(anonymous_4)
FNDA:16,(anonymous_5)
FNDA:114,(anonymous_6)
FNDA:16,(anonymous_7)
FNDA:74,(anonymous_8)
FNDA:114,(anonymous_9)
FNDA:72,(anonymous_10)
FNDA:49,(anonymous_11)
FNDA:18,(anonymous_12)
DA:2,2
DA:4,2
DA:10,16
DA:11,16
DA:13,16
DA:15,114
DA:16,114
DA:18,114
DA:19,42
DA:21,42
DA:24,72
DA:25,72
DA:29,16
DA:34,74
DA:36,16
DA:38,16
DA:40,114
DA:41,114
DA:43,72
DA:44,72
DA:46,72
DA:48,9
DA:49,9
DA:51,9
DA:52,8
DA:54,9
DA:56,9
DA:57,8
DA:59,9
DA:61,9
DA:62,9
DA:64,1
DA:66,9
DA:69,72
DA:76,72
DA:79,8
DA:80,8
DA:81,7
DA:84,8
DA:85,7
DA:88,9
DA:89,9
DA:90,8
DA:93,9
DA:94,8
DA:96,2
DA:97,2
DA:98,1
DA:100,8
DA:102,28
DA:105,63
DA:112,2
DA:113,49
DA:116,2
DA:117,18
LF:55
LH:55
BRDA:18,0,0,42
BRDA:19,1,0,0
BRDA:21,2,0,42
BRDA:21,2,1,42
BRDA:25,3,0,9
BRDA:25,4,0,9
BRDA:25,4,1,9
BRDA:29,5,0,15
BRDA:29,5,1,1
BRDA:34,6,0,2
BRDA:41,7,0,42
BRDA:41,8,0,114
BRDA:41,8,1,72
BRDA:41,8,2,72
BRDA:46,9,0,9
BRDA:46,9,1,9
BRDA:46,9,2,9
BRDA:46,9,3,9
BRDA:51,10,0,8
BRDA:56,11,0,8
BRDA:76,12,0,8
BRDA:76,12,1,8
BRDA:76,12,2,9
BRDA:76,12,3,9
BRDA:76,12,4,2
BRDA:76,12,5,8
BRDA:76,12,6,28
BRDA:80,13,0,1
BRDA:89,14,0,1
BRDA:93,15,0,1
BRDA:97,16,0,1
BRDA:100,17,0,1
BRDA:102,18,0,3
BRDA:113,19,0,49
BRDA:113,19,1,49
BRDA:117,20,0,18
BRDA:117,20,1,18
BRF:37
BRH:36
end_of_record
